#-----------------------------------------------------------
# Vivado v2020.1 (64-bit)
# SW Build 2902540 on Wed May 27 19:54:49 MDT 2020
# IP Build 2902112 on Wed May 27 22:43:36 MDT 2020
# Start of session at: Thu Nov 17 13:05:24 2022
# Process ID: 5664
# Current directory: E:/Habib University/DLD Digital Logic Design/Lab component/Project/Basys3-Joystick-Interfacing-main
# Command line: vivado.exe -gui_launcher_event rodinguilauncherevent17744 E:\Habib University\DLD Digital Logic Design\Lab component\Project\Basys3-Joystick-Interfacing-main\test.xpr
# Log file: E:/Habib University/DLD Digital Logic Design/Lab component/Project/Basys3-Joystick-Interfacing-main/vivado.log
# Journal file: E:/Habib University/DLD Digital Logic Design/Lab component/Project/Basys3-Joystick-Interfacing-main\vivado.jou
#-----------------------------------------------------------
start_gui
open_project {E:/Habib University/DLD Digital Logic Design/Lab component/Project/Basys3-Joystick-Interfacing-main/test.xpr}
INFO: [ProjectBase 1-489] The host OS only allows 260 characters in a normal path. The project is stored in a path with more than 80 characters. If you experience issues with IP, Block Designs, or files not being found, please consider moving the project to a location with a shorter path. Alternately consider using the OS subst command to map part of the path to a drive letter.
Current project path is 'E:/Habib University/DLD Digital Logic Design/Lab component/Project/Basys3-Joystick-Interfacing-main'
INFO: [Project 1-313] Project file moved from 'D:/OneDrive - Habib University/HABIB/Semester-3/DLD/Labs/test' since last save.
Scanning sources...
Finished scanning sources
INFO: [IP_Flow 19-234] Refreshing IP repositories
INFO: [IP_Flow 19-1704] No user IP repositories specified
INFO: [IP_Flow 19-2313] Loaded Vivado IP repository 'F:/Vivado/2020.1/data/ip'.
WARNING: [IP_Flow 19-2162] IP 'xadc_wiz_0' is locked:
* IP definition 'XADC Wizard (3.0)' for IP 'xadc_wiz_0' (customized with software release 2015.1) has a newer minor version in the IP Catalog.
open_project: Time (s): cpu = 00:00:28 ; elapsed = 00:00:13 . Memory (MB): peak = 1024.781 ; gain = 0.000
update_compile_order -fileset sources_1
reset_run synth_1
launch_runs synth_1 -jobs 2
WARNING: [Vivado 12-4801] The synthesis checkpoint for IP 'E:/Habib University/DLD Digital Logic Design/Lab component/Project/Basys3-Joystick-Interfacing-main/test.srcs/sources_1/ip/xadc_wiz_0/xadc_wiz_0.xci' is available but stale and the IP is locked. An out-of-context (OOC) run will be created and/or launched, but synthesis may not be able to complete or could result in incorrect behavior.
Please select 'Report IP Status' from the 'Tools/Report' menu or run Tcl command 'report_ip_status' for more information.
WARNING: [Runs 36-337] The following IPs are either missing output products or output products are not up-to-date for Synthesis target. Since these IPs are locked, no update to the output products can be done. 
Please select 'Report IP Status' from the 'Tools/Report' menu or run Tcl command 'report_ip_status' for more information.
E:/Habib University/DLD Digital Logic Design/Lab component/Project/Basys3-Joystick-Interfacing-main/test.srcs/sources_1/ip/xadc_wiz_0/xadc_wiz_0.xci

[Thu Nov 17 13:07:41 2022] Launched synth_1...
Run output will be captured here: E:/Habib University/DLD Digital Logic Design/Lab component/Project/Basys3-Joystick-Interfacing-main/test.runs/synth_1/runme.log
reset_run synth_1
WARNING: [Vivado 12-1017] Problems encountered:
1. Failed to delete one or more files in run directory E:/Habib University/DLD Digital Logic Design/Lab component/Project/Basys3-Joystick-Interfacing-main/test.runs/synth_1

launch_runs impl_1 -to_step write_bitstream -jobs 2
WARNING: [Vivado 12-4801] The synthesis checkpoint for IP 'E:/Habib University/DLD Digital Logic Design/Lab component/Project/Basys3-Joystick-Interfacing-main/test.srcs/sources_1/ip/xadc_wiz_0/xadc_wiz_0.xci' is available but stale and the IP is locked. An out-of-context (OOC) run will be created and/or launched, but synthesis may not be able to complete or could result in incorrect behavior.
Please select 'Report IP Status' from the 'Tools/Report' menu or run Tcl command 'report_ip_status' for more information.
WARNING: [Runs 36-337] The following IPs are either missing output products or output products are not up-to-date for Synthesis target. Since these IPs are locked, no update to the output products can be done. 
Please select 'Report IP Status' from the 'Tools/Report' menu or run Tcl command 'report_ip_status' for more information.
E:/Habib University/DLD Digital Logic Design/Lab component/Project/Basys3-Joystick-Interfacing-main/test.srcs/sources_1/ip/xadc_wiz_0/xadc_wiz_0.xci

[Thu Nov 17 13:09:55 2022] Launched synth_1...
Run output will be captured here: E:/Habib University/DLD Digital Logic Design/Lab component/Project/Basys3-Joystick-Interfacing-main/test.runs/synth_1/runme.log
[Thu Nov 17 13:09:55 2022] Launched impl_1...
Run output will be captured here: E:/Habib University/DLD Digital Logic Design/Lab component/Project/Basys3-Joystick-Interfacing-main/test.runs/impl_1/runme.log
open_hw_manager
connect_hw_server -allow_non_jtag
INFO: [Labtools 27-2285] Connecting to hw_server url TCP:localhost:3121
INFO: [Labtools 27-2222] Launching hw_server...
INFO: [Labtools 27-2221] Launch Output:

****** Xilinx hw_server v2020.1
  **** Build date : May 27 2020 at 20:24:38
    ** Copyright 1986-2020 Xilinx, Inc. All Rights Reserved.


INFO: [Labtools 27-3415] Connecting to cs_server url TCP:localhost:3042
INFO: [Labtools 27-3417] Launching cs_server...
INFO: [Labtools 27-2221] Launch Output:


****** Xilinx cs_server v2020.1.0
  **** Build date : May 14 2020-06:10:29
    ** Copyright 2017-2020 Xilinx, Inc. All Rights Reserved.



connect_hw_server: Time (s): cpu = 00:00:03 ; elapsed = 00:00:21 . Memory (MB): peak = 1024.781 ; gain = 0.000
open_hw_target
INFO: [Labtoolstcl 44-466] Opening hw_target localhost:3121/xilinx_tcf/Digilent/210183AF304EA
open_hw_target: Time (s): cpu = 00:00:11 ; elapsed = 00:00:11 . Memory (MB): peak = 2150.457 ; gain = 1125.676
set_property PROGRAM.FILE {E:/Habib University/DLD Digital Logic Design/Lab component/Project/Basys3-Joystick-Interfacing-main/test.runs/impl_1/XADCdemo.bit} [get_hw_devices xc7a35t_0]
current_hw_device [get_hw_devices xc7a35t_0]
refresh_hw_device -update_hw_probes false [lindex [get_hw_devices xc7a35t_0] 0]
INFO: [Labtools 27-1434] Device xc7a35t (JTAG device index = 0) is programmed with a design that has no supported debug core(s) in it.
set_property PROBES.FILE {} [get_hw_devices xc7a35t_0]
set_property FULL_PROBES.FILE {} [get_hw_devices xc7a35t_0]
set_property PROGRAM.FILE {E:/Habib University/DLD Digital Logic Design/Lab component/Project/Basys3-Joystick-Interfacing-main/test.runs/impl_1/XADCdemo.bit} [get_hw_devices xc7a35t_0]
program_hw_devices [get_hw_devices xc7a35t_0]
INFO: [Labtools 27-3164] End of startup status: HIGH
refresh_hw_device [lindex [get_hw_devices xc7a35t_0] 0]
INFO: [Labtools 27-1434] Device xc7a35t (JTAG device index = 0) is programmed with a design that has no supported debug core(s) in it.
ERROR: [Labtoolstcl 44-513] HW Target shutdown. Closing target: localhost:3121/xilinx_tcf/Digilent/210183AF304EA
exit
INFO: [Common 17-206] Exiting Vivado at Thu Nov 17 13:21:48 2022...
