#-----------------------------------------------------------
# Vivado v2020.1 (64-bit)
# SW Build 2902540 on Wed May 27 19:54:49 MDT 2020
# IP Build 2902112 on Wed May 27 22:43:36 MDT 2020
# Start of session at: Sun Nov 20 15:25:19 2022
# Process ID: 8284
# Current directory: E:/Habib University/DLD Digital Logic Design/Lab component/Project/Basys3-Joystick-Interfacing-main
# Command line: vivado.exe -gui_launcher_event rodinguilauncherevent15348 E:\Habib University\DLD Digital Logic Design\Lab component\Project\Basys3-Joystick-Interfacing-main\test.xpr
# Log file: E:/Habib University/DLD Digital Logic Design/Lab component/Project/Basys3-Joystick-Interfacing-main/vivado.log
# Journal file: E:/Habib University/DLD Digital Logic Design/Lab component/Project/Basys3-Joystick-Interfacing-main\vivado.jou
#-----------------------------------------------------------
start_gui
open_project {E:/Habib University/DLD Digital Logic Design/Lab component/Project/Basys3-Joystick-Interfacing-main/test.xpr}
INFO: [ProjectBase 1-489] The host OS only allows 260 characters in a normal path. The project is stored in a path with more than 80 characters. If you experience issues with IP, Block Designs, or files not being found, please consider moving the project to a location with a shorter path. Alternately consider using the OS subst command to map part of the path to a drive letter.
Current project path is 'E:/Habib University/DLD Digital Logic Design/Lab component/Project/Basys3-Joystick-Interfacing-main'
Scanning sources...
Finished scanning sources
INFO: [IP_Flow 19-234] Refreshing IP repositories
INFO: [IP_Flow 19-1704] No user IP repositories specified
INFO: [IP_Flow 19-2313] Loaded Vivado IP repository 'F:/Vivado/2020.1/data/ip'.
WARNING: [IP_Flow 19-2162] IP 'xadc_wiz_0' is locked:
* IP definition 'XADC Wizard (3.0)' for IP 'xadc_wiz_0' (customized with software release 2015.1) has a newer minor version in the IP Catalog.
open_project: Time (s): cpu = 00:00:24 ; elapsed = 00:00:12 . Memory (MB): peak = 1309.977 ; gain = 0.000
update_compile_order -fileset sources_1
exit
INFO: [Common 17-206] Exiting Vivado at Sun Nov 20 15:31:04 2022...
